This is METAFONT, Version 2.718281 (TeX Live 2009/Debian) (base=mf 2012.2.7)  4 MAY 2012 11:43
**settings.py settingscopy.py
(settings.py
! Missing `=' has been inserted.
<to be read again> 
                   project
l.1 # Django settings for pyclass project
                                         .
? 
! Missing `:' has been inserted.
<to be read again> 
                   path
l.3 import os.path
                  
? 
)
Runaway loop?
path.DEBUG=True.TEMPLATE_DEBUG=DEBUG.ADMINS=(#('Your.Name','your_email ETC.
! File ended while scanning the text of a for loop.
<inserted text> 
                endfor
<*> settings.py
                settingscopy.py
? 

*
(Please type a command or say `end')
*
(Please type a command or say `end')
*
! Interruption.
<*> 
    
? 
(Please type a command or say `end')
*wn

*end
Runaway loop?
path.DEBUG=True.TEMPLATE_DEBUG=DEBUG.ADMINS=(#('Your.Name','your_email ETC.
! Forbidden token found while scanning the text of a for loop.
<inserted text> 
                endfor
<to be read again> 
                   end
<*> end
       
? end
Type <return> to proceed, S to scroll future error messages,
R to run without stopping, Q to run quietly,
I to insert something, 
H for help, X to quit.
? x

